<?xml version="1.0" encoding="UTF-8"?>
<testsuite xmlns:xsi="http://www.w3.org/2001/XMLSchema-instance" xsi:noNamespaceSchemaLocation="https://maven.apache.org/surefire/maven-surefire-plugin/xsd/surefire-test-report-3.0.xsd" version="3.0" name="Test1" time="0.381" tests="5" errors="0" skipped="0" failures="0">
  <properties>
[...]
</properties>
  <testcase name="testLoginUser" classname="Test1" time="0.109"/>
  <testcase name="testRegisterUser" classname="Test1" time="0.013"/>
  <testcase name="testCheckUsername" classname="Test1" time="0.04">
    <system-out><![CDATA[Username successfully captured!
]]></system-out>
  </testcase>
  <testcase name="testCheckPhoneNumber" classname="Test1" time="0.009">
    <system-out><![CDATA[Phone number successfully added!
]]></system-out>
  </testcase>
  <testcase name="testPasswordComplexity" classname="Test1" time="0.01">
    <system-out><![CDATA[Password successfully captured!
]]></system-out>
  </testcase>
</testsuite>